\BOOKMARK [0][]{chapter*.2}{Abstract}{}% 1
\BOOKMARK [0][]{section*.3}{Contents}{}% 2
\BOOKMARK [0][]{section*.5}{List of Figures}{}% 3
\BOOKMARK [0][]{section*.7}{List of Tables}{}% 4
\BOOKMARK [0][]{section*.9}{List of Source code}{}% 5
\BOOKMARK [0][]{chapter.1}{1 Introduction}{}% 6
\BOOKMARK [0][]{chapter.2}{2 Related work}{}% 7
\BOOKMARK [0][]{chapter.3}{3 Body}{}% 8
\BOOKMARK [1][-]{section.3.1}{3.1 The use of frameworks}{chapter.3}% 9
\BOOKMARK [1][-]{section.3.2}{3.2 The C++ application}{chapter.3}% 10
\BOOKMARK [2][-]{subsection.3.2.1}{3.2.1 Why a C++ application?}{section.3.2}% 11
\BOOKMARK [2][-]{subsection.3.2.2}{3.2.2 Why Qt?}{section.3.2}% 12
\BOOKMARK [2][-]{subsection.3.2.3}{3.2.3 Return codes}{section.3.2}% 13
\BOOKMARK [2][-]{subsection.3.2.4}{3.2.4 Extensibility}{section.3.2}% 14
\BOOKMARK [1][-]{section.3.3}{3.3 The PHP site}{chapter.3}% 15
\BOOKMARK [2][-]{subsection.3.3.1}{3.3.1 Why PHP?}{section.3.3}% 16
\BOOKMARK [2][-]{subsection.3.3.2}{3.3.2 Why FuelPHP?}{section.3.3}% 17
\BOOKMARK [2][-]{subsection.3.3.3}{3.3.3 Speed optimizations}{section.3.3}% 18
\BOOKMARK [2][-]{subsection.3.3.4}{3.3.4 The data}{section.3.3}% 19
\BOOKMARK [0][]{chapter.4}{4 Conclusion}{}% 20
\BOOKMARK [1][-]{section.4.1}{4.1 What's been implemented}{chapter.4}% 21
\BOOKMARK [1][-]{section.4.2}{4.2 What's been left out}{chapter.4}% 22
\BOOKMARK [0][]{chapter.5}{5 Future work}{}% 23
\BOOKMARK [0][]{section*.13}{References}{}% 24
\BOOKMARK [0][]{section*.15}{Appendix}{}% 25
\BOOKMARK [0][]{appendix.A}{A Appendix}{}% 26
